<?xml version="1.0" encoding="UTF-8"?>
<!-- Generated by org.testng.reporters.JUnitXMLReporter -->
<testsuite ignored="0" hostname="Druschyts" failures="0" tests="30" name="login test" time="390.524" errors="0" timestamp="2020-01-21T19:34:33 MSK">
  <testcase classname="by.stormnet.web.LoginOnlinerTest" name="loginTest" time="3.611"/>
  <testcase classname="by.stormnet.web.OnlinerNewsTest" name="openNews" time="11.867"/>
  <testcase classname="by.stormnet.web.OnlinerCheckCartTest" name="checkCartTest" time="2.985"/>
  <testcase classname="by.stormnet.web.OnlinerCatalogTest" name="searchAndFilter" time="31.678"/>
  <testcase classname="by.stormnet.web.OnlinerWeatherTest" name="checkWeatherTest" time="1.89"/>
  <testcase classname="by.stormnet.web.OnlinerCoursesTest" name="checkCourseTest" time="5.727"/>
  <testcase classname="by.stormnet.web.OnlinerMobilePhoneTest" name="checkMobilePhoneTest" time="5.601"/>
  <testcase classname="by.stormnet.web.OnlinerLoptopTest" name="checkLoptopTest" time="3.839"/>
  <testcase classname="by.stormnet.web.OnlinerTiresTest" name="checkTiresTest" time="66.26"/>
  <testcase classname="by.stormnet.web.OnlinerPhoensTest" name="checkPhonesTest" time="5.311"/>
  <testcase classname="by.stormnet.web.OnlinerClockTest" name="checkClockest" time="8.844"/>
  <testcase classname="by.stormnet.web.OnlinerTvTest" name="checkTvTest" time="4.033"/>
  <testcase classname="by.stormnet.web.OnlinerVideoCardsTest" name="checkVideoCardsTest" time="3.583"/>
  <testcase classname="by.stormnet.web.OnlinerTabletsTest" name="checkTabletsTest" time="4.029"/>
  <testcase classname="by.stormnet.web.OnlinerCamerasTest" name="checkCamerasTest" time="4.514"/>
  <testcase classname="by.stormnet.web.OnlinerBarMobileTest" name="checkBarMobileTest" time="9.204"/>
  <testcase classname="by.stormnet.web.OnlinerBarLopTopTest" name="checkBarLopTopTest" time="7.196"/>
  <testcase classname="by.stormnet.web.OnlinerBarSaleRoomTest" name="checkBarSaleRoomTest" time="14.191"/>
  <testcase classname="by.stormnet.web.OnlinerBarGiftsTest" name="checkBarGiftsTest" time="8.986"/>
  <testcase classname="by.stormnet.web.OnlinerBarRentRoomTest" name="checkBarRentRoomTest" time="7.654"/>
  <testcase classname="by.stormnet.web.OnlinerBarTreesTest" name="checkBarTreesTest" time="15.637"/>
  <testcase classname="by.stormnet.web.OnlinerBarNewYearTest" name="checkBarNewYearTest" time="19.065"/>
  <testcase classname="by.stormnet.web.OnlinerBarClothesTest" name="checkBarClothesTest" time="10.652"/>
  <testcase classname="by.stormnet.web.OnlinerBarMobileAccTest" name="checkBarMobileAccTest" time="10.152"/>
  <testcase classname="by.stormnet.web.OnlinerBarMobileServicesTest" name="checkBarMobileServicesTest" time="10.174"/>
  <testcase classname="by.stormnet.web.OnlinerBarRadioTest" name="checkBarRadioTest" time="10.711"/>
  <testcase classname="by.stormnet.web.OnlinerBarAppleTest" name="checkBarAppleTest" time="11.058"/>
  <testcase classname="by.stormnet.web.OnlinerBarUsbTest" name="checkDarUsbTest" time="7.576"/>
  <testcase classname="by.stormnet.web.OnlinerBarVideoTest" name="checkBarVideoTest" time="6.514"/>
  <testcase classname="by.stormnet.web.OnlinerBarDdrTest" name="checkBarDdrTest" time="10.782"/>
</testsuite> <!-- login test -->
