<?xml version="1.0" encoding="UTF-8"?>
<testsuite xmlns:xsi="http://www.w3.org/2001/XMLSchema-instance" xsi:noNamespaceSchemaLocation="https://maven.apache.org/surefire/maven-surefire-plugin/xsd/surefire-test-report-3.0.xsd" version="3.0" name="TestSuite" time="395.573" tests="30" errors="0" skipped="0" failures="0">
  <properties>
[...]
</properties>
  <testcase name="loginTest" classname="by.stormnet.web.LoginOnlinerTest" time="3.647"/>
  <testcase name="openNews" classname="by.stormnet.web.OnlinerNewsTest" time="11.871"/>
  <testcase name="checkCartTest" classname="by.stormnet.web.OnlinerCheckCartTest" time="2.981"/>
  <testcase name="searchAndFilter" classname="by.stormnet.web.OnlinerCatalogTest" time="31.666"/>
  <testcase name="checkWeatherTest" classname="by.stormnet.web.OnlinerWeatherTest" time="1.886"/>
  <testcase name="checkCourseTest" classname="by.stormnet.web.OnlinerCoursesTest" time="5.819"/>
  <testcase name="checkMobilePhoneTest" classname="by.stormnet.web.OnlinerMobilePhoneTest" time="5.689"/>
  <testcase name="checkLoptopTest" classname="by.stormnet.web.OnlinerLoptopTest" time="3.855"/>
  <testcase name="checkTiresTest" classname="by.stormnet.web.OnlinerTiresTest" time="66.256"/>
  <testcase name="checkPhonesTest" classname="by.stormnet.web.OnlinerPhoensTest" time="5.323"/>
  <testcase name="checkClockest" classname="by.stormnet.web.OnlinerClockTest" time="8.84"/>
  <testcase name="checkTvTest" classname="by.stormnet.web.OnlinerTvTest" time="4.125"/>
  <testcase name="checkVideoCardsTest" classname="by.stormnet.web.OnlinerVideoCardsTest" time="3.596"/>
  <testcase name="checkTabletsTest" classname="by.stormnet.web.OnlinerTabletsTest" time="4.025"/>
  <testcase name="checkCamerasTest" classname="by.stormnet.web.OnlinerCamerasTest" time="4.534"/>
  <testcase name="checkBarMobileTest" classname="by.stormnet.web.OnlinerBarMobileTest" time="9.208"/>
  <testcase name="checkBarLopTopTest" classname="by.stormnet.web.OnlinerBarLopTopTest" time="7.192"/>
  <testcase name="checkBarSaleRoomTest" classname="by.stormnet.web.OnlinerBarSaleRoomTest" time="14.191"/>
  <testcase name="checkBarGiftsTest" classname="by.stormnet.web.OnlinerBarGiftsTest" time="8.998"/>
  <testcase name="checkBarRentRoomTest" classname="by.stormnet.web.OnlinerBarRentRoomTest" time="7.686"/>
  <testcase name="checkBarTreesTest" classname="by.stormnet.web.OnlinerBarTreesTest" time="15.669"/>
  <testcase name="checkBarNewYearTest" classname="by.stormnet.web.OnlinerBarNewYearTest" time="19.061"/>
  <testcase name="checkBarClothesTest" classname="by.stormnet.web.OnlinerBarClothesTest" time="10.652"/>
  <testcase name="checkBarMobileAccTest" classname="by.stormnet.web.OnlinerBarMobileAccTest" time="10.152"/>
  <testcase name="checkBarMobileServicesTest" classname="by.stormnet.web.OnlinerBarMobileServicesTest" time="10.17"/>
  <testcase name="checkBarRadioTest" classname="by.stormnet.web.OnlinerBarRadioTest" time="10.723"/>
  <testcase name="checkBarAppleTest" classname="by.stormnet.web.OnlinerBarAppleTest" time="11.054"/>
  <testcase name="checkDarUsbTest" classname="by.stormnet.web.OnlinerBarUsbTest" time="7.572"/>
  <testcase name="checkBarVideoTest" classname="by.stormnet.web.OnlinerBarVideoTest" time="6.51"/>
  <testcase name="checkBarDdrTest" classname="by.stormnet.web.OnlinerBarDdrTest" time="10.802"/>
</testsuite>