<?xml version="1.0" encoding="UTF-8"?>
<testng-results ignored="0" total="30" passed="29" failed="1" skipped="0">
  <reporter-output>
  </reporter-output>
  <suite started-at="2020-01-21T16:22:01 MSK" name="Acceptance suite" finished-at="2020-01-21T16:26:06 MSK" duration-ms="244760">
    <groups>
    </groups>
    <test started-at="2020-01-21T16:22:01 MSK" name="login test" finished-at="2020-01-21T16:26:06 MSK" duration-ms="244760">
      <class name="by.stormnet.web.OnlinerBarClothesTest">
        <test-method is-config="true" signature="setUp()[pri:0, instance:by.stormnet.web.OnlinerBarClothesTest@71984c3]" started-at="2020-01-21T16:25:01 MSK" name="setUp" finished-at="2020-01-21T16:25:02 MSK" duration-ms="1922" status="PASS">
          <reporter-output>
          </reporter-output>
        </test-method> <!-- setUp -->
        <test-method signature="checkBarClothesTest()[pri:0, instance:by.stormnet.web.OnlinerBarClothesTest@71984c3]" started-at="2020-01-21T16:25:02 MSK" name="checkBarClothesTest" finished-at="2020-01-21T16:25:08 MSK" duration-ms="5283" status="PASS">
          <reporter-output>
          </reporter-output>
        </test-method> <!-- checkBarClothesTest -->
      </class> <!-- by.stormnet.web.OnlinerBarClothesTest -->
      <class name="by.stormnet.web.OnlinerMobilePhoneTest">
        <test-method is-config="true" signature="setUp()[pri:0, instance:by.stormnet.web.OnlinerMobilePhoneTest@65a4798f]" started-at="2020-01-21T16:23:03 MSK" name="setUp" finished-at="2020-01-21T16:23:05 MSK" duration-ms="1870" status="PASS">
          <reporter-output>
          </reporter-output>
        </test-method> <!-- setUp -->
        <test-method signature="checkMobilePhoneTest()[pri:0, instance:by.stormnet.web.OnlinerMobilePhoneTest@65a4798f]" started-at="2020-01-21T16:23:05 MSK" name="checkMobilePhoneTest" finished-at="2020-01-21T16:23:10 MSK" duration-ms="5566" status="PASS">
          <reporter-output>
          </reporter-output>
        </test-method> <!-- checkMobilePhoneTest -->
      </class> <!-- by.stormnet.web.OnlinerMobilePhoneTest -->
      <class name="by.stormnet.web.OnlinerCatalogTest">
        <test-method signature="searchAndFilter()[pri:0, instance:by.stormnet.web.OnlinerCatalogTest@55e8ec2f]" started-at="2020-01-21T16:22:23 MSK" name="searchAndFilter" finished-at="2020-01-21T16:22:55 MSK" duration-ms="32185" status="PASS">
          <reporter-output>
          </reporter-output>
        </test-method> <!-- searchAndFilter -->
      </class> <!-- by.stormnet.web.OnlinerCatalogTest -->
      <class name="by.stormnet.web.OnlinerTabletsTest">
        <test-method is-config="true" signature="setUp()[pri:0, instance:by.stormnet.web.OnlinerTabletsTest@5b080f3a]" started-at="2020-01-21T16:23:47 MSK" name="setUp" finished-at="2020-01-21T16:23:49 MSK" duration-ms="1588" status="PASS">
          <reporter-output>
          </reporter-output>
        </test-method> <!-- setUp -->
        <test-method signature="checkTabletsTest()[pri:0, instance:by.stormnet.web.OnlinerTabletsTest@5b080f3a]" started-at="2020-01-21T16:23:49 MSK" name="checkTabletsTest" finished-at="2020-01-21T16:23:53 MSK" duration-ms="4356" status="PASS">
          <reporter-output>
          </reporter-output>
        </test-method> <!-- checkTabletsTest -->
      </class> <!-- by.stormnet.web.OnlinerTabletsTest -->
      <class name="by.stormnet.web.OnlinerCoursesTest">
        <test-method is-config="true" signature="setUp()[pri:0, instance:by.stormnet.web.OnlinerCoursesTest@6d24ffa1]" started-at="2020-01-21T16:22:57 MSK" name="setUp" finished-at="2020-01-21T16:22:59 MSK" duration-ms="1373" status="PASS">
          <reporter-output>
          </reporter-output>
        </test-method> <!-- setUp -->
        <test-method signature="checkCourseTest()[pri:0, instance:by.stormnet.web.OnlinerCoursesTest@6d24ffa1]" started-at="2020-01-21T16:22:59 MSK" name="checkCourseTest" finished-at="2020-01-21T16:23:03 MSK" duration-ms="4223" status="PASS">
          <reporter-output>
          </reporter-output>
        </test-method> <!-- checkCourseTest -->
      </class> <!-- by.stormnet.web.OnlinerCoursesTest -->
      <class name="by.stormnet.web.OnlinerBarMobileServicesTest">
        <test-method is-config="true" signature="setUp()[pri:0, instance:by.stormnet.web.OnlinerBarMobileServicesTest@5536379e]" started-at="2020-01-21T16:25:17 MSK" name="setUp" finished-at="2020-01-21T16:25:19 MSK" duration-ms="1958" status="PASS">
          <reporter-output>
          </reporter-output>
        </test-method> <!-- setUp -->
        <test-method signature="checkBarMobileServicesTest()[pri:0, instance:by.stormnet.web.OnlinerBarMobileServicesTest@5536379e]" started-at="2020-01-21T16:25:19 MSK" name="checkBarMobileServicesTest" finished-at="2020-01-21T16:25:24 MSK" duration-ms="5699" status="PASS">
          <reporter-output>
          </reporter-output>
        </test-method> <!-- checkBarMobileServicesTest -->
      </class> <!-- by.stormnet.web.OnlinerBarMobileServicesTest -->
      <class name="by.stormnet.web.OnlinerBarAppleTest">
        <test-method is-config="true" signature="setUp()[pri:0, instance:by.stormnet.web.OnlinerBarAppleTest@6c8bca63]" started-at="2020-01-21T16:25:32 MSK" name="setUp" finished-at="2020-01-21T16:25:34 MSK" duration-ms="2099" status="PASS">
          <reporter-output>
          </reporter-output>
        </test-method> <!-- setUp -->
        <test-method signature="checkBarAppleTest()[pri:0, instance:by.stormnet.web.OnlinerBarAppleTest@6c8bca63]" started-at="2020-01-21T16:25:34 MSK" name="checkBarAppleTest" finished-at="2020-01-21T16:25:40 MSK" duration-ms="5989" status="PASS">
          <reporter-output>
          </reporter-output>
        </test-method> <!-- checkBarAppleTest -->
      </class> <!-- by.stormnet.web.OnlinerBarAppleTest -->
      <class name="by.stormnet.web.OnlinerBarTreesTest">
        <test-method is-config="true" signature="setUp()[pri:0, instance:by.stormnet.web.OnlinerBarTreesTest@350ec41e]" started-at="2020-01-21T16:24:44 MSK" name="setUp" finished-at="2020-01-21T16:24:46 MSK" duration-ms="2016" status="PASS">
          <reporter-output>
          </reporter-output>
        </test-method> <!-- setUp -->
        <test-method signature="checkBarTreesTest()[pri:0, instance:by.stormnet.web.OnlinerBarTreesTest@350ec41e]" started-at="2020-01-21T16:24:46 MSK" name="checkBarTreesTest" finished-at="2020-01-21T16:24:53 MSK" duration-ms="6432" status="PASS">
          <reporter-output>
          </reporter-output>
        </test-method> <!-- checkBarTreesTest -->
      </class> <!-- by.stormnet.web.OnlinerBarTreesTest -->
      <class name="by.stormnet.web.OnlinerPhoensTest">
        <test-method is-config="true" signature="setUp()[pri:0, instance:by.stormnet.web.OnlinerPhoensTest@426b6a74]" started-at="2020-01-21T16:23:21 MSK" name="setUp" finished-at="2020-01-21T16:23:23 MSK" duration-ms="1864" status="PASS">
          <reporter-output>
          </reporter-output>
        </test-method> <!-- setUp -->
        <test-method signature="checkPhonesTest()[pri:0, instance:by.stormnet.web.OnlinerPhoensTest@426b6a74]" started-at="2020-01-21T16:23:23 MSK" name="checkPhonesTest" finished-at="2020-01-21T16:23:28 MSK" duration-ms="4984" status="PASS">
          <reporter-output>
          </reporter-output>
        </test-method> <!-- checkPhonesTest -->
      </class> <!-- by.stormnet.web.OnlinerPhoensTest -->
      <class name="by.stormnet.web.OnlinerCheckCartTest">
        <test-method is-config="true" signature="setUp()[pri:0, instance:by.stormnet.web.OnlinerCheckCartTest@2e54db99]" started-at="2020-01-21T16:22:18 MSK" name="setUp" finished-at="2020-01-21T16:22:20 MSK" duration-ms="2010" status="PASS">
          <reporter-output>
          </reporter-output>
        </test-method> <!-- setUp -->
        <test-method signature="checkCartTest()[pri:0, instance:by.stormnet.web.OnlinerCheckCartTest@2e54db99]" started-at="2020-01-21T16:22:20 MSK" name="checkCartTest" finished-at="2020-01-21T16:22:23 MSK" duration-ms="2514" status="PASS">
          <reporter-output>
          </reporter-output>
        </test-method> <!-- checkCartTest -->
      </class> <!-- by.stormnet.web.OnlinerCheckCartTest -->
      <class name="by.stormnet.web.OnlinerCamerasTest">
        <test-method is-config="true" signature="setUp()[pri:0, instance:by.stormnet.web.OnlinerCamerasTest@773cbf4f]" started-at="2020-01-21T16:23:53 MSK" name="setUp" finished-at="2020-01-21T16:23:55 MSK" duration-ms="2173" status="PASS">
          <reporter-output>
          </reporter-output>
        </test-method> <!-- setUp -->
        <test-method signature="checkCamerasTest()[pri:0, instance:by.stormnet.web.OnlinerCamerasTest@773cbf4f]" started-at="2020-01-21T16:23:55 MSK" name="checkCamerasTest" finished-at="2020-01-21T16:23:59 MSK" duration-ms="4274" status="PASS">
          <reporter-output>
          </reporter-output>
        </test-method> <!-- checkCamerasTest -->
      </class> <!-- by.stormnet.web.OnlinerCamerasTest -->
      <class name="by.stormnet.web.OnlinerBarRentRoomTest">
        <test-method is-config="true" signature="setUp()[pri:0, instance:by.stormnet.web.OnlinerBarRentRoomTest@2756c0a7]" started-at="2020-01-21T16:24:36 MSK" name="setUp" finished-at="2020-01-21T16:24:38 MSK" duration-ms="1850" status="PASS">
          <reporter-output>
          </reporter-output>
        </test-method> <!-- setUp -->
        <test-method signature="checkBarRentRoomTest()[pri:0, instance:by.stormnet.web.OnlinerBarRentRoomTest@2756c0a7]" started-at="2020-01-21T16:24:38 MSK" name="checkBarRentRoomTest" finished-at="2020-01-21T16:24:44 MSK" duration-ms="5763" status="PASS">
          <reporter-output>
          </reporter-output>
        </test-method> <!-- checkBarRentRoomTest -->
      </class> <!-- by.stormnet.web.OnlinerBarRentRoomTest -->
      <class name="by.stormnet.web.OnlinerBarLopTopTest">
        <test-method is-config="true" signature="setUp()[pri:0, instance:by.stormnet.web.OnlinerBarLopTopTest@665e9289]" started-at="2020-01-21T16:24:09 MSK" name="setUp" finished-at="2020-01-21T16:24:11 MSK" duration-ms="2188" status="PASS">
          <reporter-output>
          </reporter-output>
        </test-method> <!-- setUp -->
        <test-method signature="checkBarLopTopTest()[pri:0, instance:by.stormnet.web.OnlinerBarLopTopTest@665e9289]" started-at="2020-01-21T16:24:11 MSK" name="checkBarLopTopTest" finished-at="2020-01-21T16:24:17 MSK" duration-ms="5838" status="PASS">
          <reporter-output>
          </reporter-output>
        </test-method> <!-- checkBarLopTopTest -->
      </class> <!-- by.stormnet.web.OnlinerBarLopTopTest -->
      <class name="by.stormnet.web.OnlinerTvTest">
        <test-method is-config="true" signature="setUp()[pri:0, instance:by.stormnet.web.OnlinerTvTest@83298d7]" started-at="2020-01-21T16:23:34 MSK" name="setUp" finished-at="2020-01-21T16:23:36 MSK" duration-ms="1939" status="PASS">
          <reporter-output>
          </reporter-output>
        </test-method> <!-- setUp -->
        <test-method signature="checkTvTest()[pri:0, instance:by.stormnet.web.OnlinerTvTest@83298d7]" started-at="2020-01-21T16:23:36 MSK" name="checkTvTest" finished-at="2020-01-21T16:23:41 MSK" duration-ms="4306" status="PASS">
          <reporter-output>
          </reporter-output>
        </test-method> <!-- checkTvTest -->
      </class> <!-- by.stormnet.web.OnlinerTvTest -->
      <class name="by.stormnet.web.OnlinerBarNewYearTest">
        <test-method is-config="true" signature="setUp()[pri:0, instance:by.stormnet.web.OnlinerBarNewYearTest@69637b10]" started-at="2020-01-21T16:24:53 MSK" name="setUp" finished-at="2020-01-21T16:24:55 MSK" duration-ms="2277" status="PASS">
          <reporter-output>
          </reporter-output>
        </test-method> <!-- setUp -->
        <test-method signature="checkBarNewYearTest()[pri:0, instance:by.stormnet.web.OnlinerBarNewYearTest@69637b10]" started-at="2020-01-21T16:24:55 MSK" name="checkBarNewYearTest" finished-at="2020-01-21T16:25:01 MSK" duration-ms="5728" status="PASS">
          <reporter-output>
          </reporter-output>
        </test-method> <!-- checkBarNewYearTest -->
      </class> <!-- by.stormnet.web.OnlinerBarNewYearTest -->
      <class name="by.stormnet.web.LoginOnlinerTest">
        <test-method is-config="true" signature="setUp()[pri:0, instance:by.stormnet.web.LoginOnlinerTest@47dbb1e2]" started-at="2020-01-21T16:22:01 MSK" name="setUp" finished-at="2020-01-21T16:22:08 MSK" duration-ms="7526" status="PASS">
          <reporter-output>
          </reporter-output>
        </test-method> <!-- setUp -->
        <test-method signature="loginTest()[pri:0, instance:by.stormnet.web.LoginOnlinerTest@47dbb1e2]" started-at="2020-01-21T16:22:08 MSK" name="loginTest" finished-at="2020-01-21T16:22:12 MSK" duration-ms="3487" status="PASS">
          <reporter-output>
          </reporter-output>
        </test-method> <!-- loginTest -->
      </class> <!-- by.stormnet.web.LoginOnlinerTest -->
      <class name="by.stormnet.web.OnlinerBarMobileTest">
        <test-method is-config="true" signature="setUp()[pri:0, instance:by.stormnet.web.OnlinerBarMobileTest@6b54655f]" started-at="2020-01-21T16:23:59 MSK" name="setUp" finished-at="2020-01-21T16:24:01 MSK" duration-ms="2096" status="PASS">
          <reporter-output>
          </reporter-output>
        </test-method> <!-- setUp -->
        <test-method signature="checkBarMobileTest()[pri:0, instance:by.stormnet.web.OnlinerBarMobileTest@6b54655f]" started-at="2020-01-21T16:24:01 MSK" name="checkBarMobileTest" finished-at="2020-01-21T16:24:08 MSK" duration-ms="7036" status="PASS">
          <reporter-output>
          </reporter-output>
        </test-method> <!-- checkBarMobileTest -->
      </class> <!-- by.stormnet.web.OnlinerBarMobileTest -->
      <class name="by.stormnet.web.OnlinerBarUsbTest">
        <test-method is-config="true" signature="setUp()[pri:0, instance:by.stormnet.web.OnlinerBarUsbTest@2364305a]" started-at="2020-01-21T16:25:40 MSK" name="setUp" finished-at="2020-01-21T16:25:42 MSK" duration-ms="2187" status="PASS">
          <reporter-output>
          </reporter-output>
        </test-method> <!-- setUp -->
        <test-method signature="checkDarUsbTest()[pri:0, instance:by.stormnet.web.OnlinerBarUsbTest@2364305a]" started-at="2020-01-21T16:25:42 MSK" name="checkDarUsbTest" finished-at="2020-01-21T16:25:48 MSK" duration-ms="5686" status="PASS">
          <reporter-output>
          </reporter-output>
        </test-method> <!-- checkDarUsbTest -->
      </class> <!-- by.stormnet.web.OnlinerBarUsbTest -->
      <class name="by.stormnet.web.OnlinerBarVideoTest">
        <test-method is-config="true" signature="setUp()[pri:0, instance:by.stormnet.web.OnlinerBarVideoTest@470a696f]" started-at="2020-01-21T16:25:48 MSK" name="setUp" finished-at="2020-01-21T16:25:50 MSK" duration-ms="2226" status="PASS">
          <reporter-output>
          </reporter-output>
        </test-method> <!-- setUp -->
        <test-method signature="checkBarVideoTest()[pri:0, instance:by.stormnet.web.OnlinerBarVideoTest@470a696f]" started-at="2020-01-21T16:25:50 MSK" name="checkBarVideoTest" finished-at="2020-01-21T16:25:56 MSK" duration-ms="5411" status="PASS">
          <reporter-output>
          </reporter-output>
        </test-method> <!-- checkBarVideoTest -->
      </class> <!-- by.stormnet.web.OnlinerBarVideoTest -->
      <class name="by.stormnet.web.OnlinerClockTest">
        <test-method is-config="true" signature="setUp()[pri:0, instance:by.stormnet.web.OnlinerClockTest@4c51bb7]" started-at="2020-01-21T16:23:28 MSK" name="setUp" finished-at="2020-01-21T16:23:30 MSK" duration-ms="1951" status="PASS">
          <reporter-output>
          </reporter-output>
        </test-method> <!-- setUp -->
        <test-method signature="checkClockest()[pri:0, instance:by.stormnet.web.OnlinerClockTest@4c51bb7]" started-at="2020-01-21T16:23:30 MSK" name="checkClockest" finished-at="2020-01-21T16:23:34 MSK" duration-ms="4322" status="PASS">
          <reporter-output>
          </reporter-output>
        </test-method> <!-- checkClockest -->
      </class> <!-- by.stormnet.web.OnlinerClockTest -->
      <class name="by.stormnet.web.OnlinerNewsTest">
        <test-method signature="openNews()[pri:0, instance:by.stormnet.web.OnlinerNewsTest@74cadd41]" started-at="2020-01-21T16:22:12 MSK" name="openNews" finished-at="2020-01-21T16:22:18 MSK" duration-ms="6417" status="PASS">
          <reporter-output>
          </reporter-output>
        </test-method> <!-- openNews -->
      </class> <!-- by.stormnet.web.OnlinerNewsTest -->
      <class name="by.stormnet.web.OnlinerBarDdrTest">
        <test-method is-config="true" signature="setUp()[pri:0, instance:by.stormnet.web.OnlinerBarDdrTest@1bc715b8]" started-at="2020-01-21T16:25:56 MSK" name="setUp" finished-at="2020-01-21T16:25:58 MSK" duration-ms="2269" status="PASS">
          <reporter-output>
          </reporter-output>
        </test-method> <!-- setUp -->
        <test-method signature="checkBarDdrTest()[pri:0, instance:by.stormnet.web.OnlinerBarDdrTest@1bc715b8]" started-at="2020-01-21T16:25:58 MSK" name="checkBarDdrTest" finished-at="2020-01-21T16:26:03 MSK" duration-ms="5572" status="PASS">
          <reporter-output>
          </reporter-output>
        </test-method> <!-- checkBarDdrTest -->
        <test-method is-config="true" signature="tearDown()[pri:0, instance:by.stormnet.web.OnlinerBarDdrTest@1bc715b8]" started-at="2020-01-21T16:26:03 MSK" name="tearDown" finished-at="2020-01-21T16:26:06 MSK" duration-ms="2220" status="PASS">
          <reporter-output>
          </reporter-output>
        </test-method> <!-- tearDown -->
      </class> <!-- by.stormnet.web.OnlinerBarDdrTest -->
      <class name="by.stormnet.web.OnlinerBarRadioTest">
        <test-method is-config="true" signature="setUp()[pri:0, instance:by.stormnet.web.OnlinerBarRadioTest@277f7dd3]" started-at="2020-01-21T16:25:25 MSK" name="setUp" finished-at="2020-01-21T16:25:27 MSK" duration-ms="1783" status="PASS">
          <reporter-output>
          </reporter-output>
        </test-method> <!-- setUp -->
        <test-method signature="checkBarRadioTest()[pri:0, instance:by.stormnet.web.OnlinerBarRadioTest@277f7dd3]" started-at="2020-01-21T16:25:27 MSK" name="checkBarRadioTest" finished-at="2020-01-21T16:25:32 MSK" duration-ms="5377" status="PASS">
          <reporter-output>
          </reporter-output>
        </test-method> <!-- checkBarRadioTest -->
      </class> <!-- by.stormnet.web.OnlinerBarRadioTest -->
      <class name="by.stormnet.web.OnlinerTiresTest">
        <test-method is-config="true" signature="setUp()[pri:0, instance:by.stormnet.web.OnlinerTiresTest@878452d]" started-at="2020-01-21T16:23:15 MSK" name="setUp" finished-at="2020-01-21T16:23:17 MSK" duration-ms="1809" status="PASS">
          <reporter-output>
          </reporter-output>
        </test-method> <!-- setUp -->
        <test-method signature="checkTiresTest()[pri:0, instance:by.stormnet.web.OnlinerTiresTest@878452d]" started-at="2020-01-21T16:23:17 MSK" name="checkTiresTest" finished-at="2020-01-21T16:23:21 MSK" duration-ms="4151" status="PASS">
          <reporter-output>
          </reporter-output>
        </test-method> <!-- checkTiresTest -->
      </class> <!-- by.stormnet.web.OnlinerTiresTest -->
      <class name="by.stormnet.web.OnlinerLoptopTest">
        <test-method is-config="true" signature="setUp()[pri:0, instance:by.stormnet.web.OnlinerLoptopTest@773f7880]" started-at="2020-01-21T16:23:10 MSK" name="setUp" finished-at="2020-01-21T16:23:12 MSK" duration-ms="1742" status="PASS">
          <reporter-output>
          </reporter-output>
        </test-method> <!-- setUp -->
        <test-method signature="checkLoptopTest()[pri:0, instance:by.stormnet.web.OnlinerLoptopTest@773f7880]" started-at="2020-01-21T16:23:12 MSK" name="checkLoptopTest" finished-at="2020-01-21T16:23:15 MSK" duration-ms="3408" status="PASS">
          <reporter-output>
          </reporter-output>
        </test-method> <!-- checkLoptopTest -->
      </class> <!-- by.stormnet.web.OnlinerLoptopTest -->
      <class name="by.stormnet.web.OnlinerBarGiftsTest">
        <test-method is-config="true" signature="setUp()[pri:0, instance:by.stormnet.web.OnlinerBarGiftsTest@6f603e89]" started-at="2020-01-21T16:24:27 MSK" name="setUp" finished-at="2020-01-21T16:24:29 MSK" duration-ms="1940" status="PASS">
          <reporter-output>
          </reporter-output>
        </test-method> <!-- setUp -->
        <test-method signature="checkBarGiftsTest()[pri:0, instance:by.stormnet.web.OnlinerBarGiftsTest@6f603e89]" started-at="2020-01-21T16:24:29 MSK" name="checkBarGiftsTest" finished-at="2020-01-21T16:24:36 MSK" duration-ms="7177" status="PASS">
          <reporter-output>
          </reporter-output>
        </test-method> <!-- checkBarGiftsTest -->
      </class> <!-- by.stormnet.web.OnlinerBarGiftsTest -->
      <class name="by.stormnet.web.OnlinerBarSaleRoomTest">
        <test-method is-config="true" signature="setUp()[pri:0, instance:by.stormnet.web.OnlinerBarSaleRoomTest@7d3430a7]" started-at="2020-01-21T16:24:17 MSK" name="setUp" finished-at="2020-01-21T16:24:19 MSK" duration-ms="2207" status="PASS">
          <reporter-output>
          </reporter-output>
        </test-method> <!-- setUp -->
        <test-method signature="checkBarSaleRoomTest()[pri:0, instance:by.stormnet.web.OnlinerBarSaleRoomTest@7d3430a7]" started-at="2020-01-21T16:24:19 MSK" name="checkBarSaleRoomTest" finished-at="2020-01-21T16:24:27 MSK" duration-ms="8579" status="PASS">
          <reporter-output>
          </reporter-output>
        </test-method> <!-- checkBarSaleRoomTest -->
      </class> <!-- by.stormnet.web.OnlinerBarSaleRoomTest -->
      <class name="by.stormnet.web.OnlinerBarMobileAccTest">
        <test-method is-config="true" signature="setUp()[pri:0, instance:by.stormnet.web.OnlinerBarMobileAccTest@165b2f7f]" started-at="2020-01-21T16:25:08 MSK" name="setUp" finished-at="2020-01-21T16:25:10 MSK" duration-ms="2079" status="PASS">
          <reporter-output>
          </reporter-output>
        </test-method> <!-- setUp -->
        <test-method signature="checkBarMobileAccTest()[pri:0, instance:by.stormnet.web.OnlinerBarMobileAccTest@165b2f7f]" started-at="2020-01-21T16:25:10 MSK" name="checkBarMobileAccTest" finished-at="2020-01-21T16:25:17 MSK" duration-ms="6764" status="PASS">
          <reporter-output>
          </reporter-output>
        </test-method> <!-- checkBarMobileAccTest -->
      </class> <!-- by.stormnet.web.OnlinerBarMobileAccTest -->
      <class name="by.stormnet.web.OnlinerVideoCardsTest">
        <test-method is-config="true" signature="setUp()[pri:0, instance:by.stormnet.web.OnlinerVideoCardsTest@42a9e5d1]" started-at="2020-01-21T16:23:41 MSK" name="setUp" finished-at="2020-01-21T16:23:43 MSK" duration-ms="2633" status="PASS">
          <reporter-output>
          </reporter-output>
        </test-method> <!-- setUp -->
        <test-method signature="checkVideoCardsTest()[pri:0, instance:by.stormnet.web.OnlinerVideoCardsTest@42a9e5d1]" started-at="2020-01-21T16:23:43 MSK" name="checkVideoCardsTest" finished-at="2020-01-21T16:23:47 MSK" duration-ms="3679" status="PASS">
          <reporter-output>
          </reporter-output>
        </test-method> <!-- checkVideoCardsTest -->
      </class> <!-- by.stormnet.web.OnlinerVideoCardsTest -->
      <class name="by.stormnet.web.OnlinerWeatherTest">
        <test-method is-config="true" signature="setUp()[pri:0, instance:by.stormnet.web.OnlinerWeatherTest@4f2613d1]" started-at="2020-01-21T16:22:55 MSK" name="setUp" finished-at="2020-01-21T16:22:57 MSK" duration-ms="1859" status="PASS">
          <reporter-output>
          </reporter-output>
        </test-method> <!-- setUp -->
        <test-method signature="checkWeatherTest()[pri:0, instance:by.stormnet.web.OnlinerWeatherTest@4f2613d1]" started-at="2020-01-21T16:22:57 MSK" name="checkWeatherTest" finished-at="2020-01-21T16:22:57 MSK" duration-ms="72" status="FAIL">
          <exception class="org.openqa.selenium.NoSuchElementException">
            <message>
              <![CDATA[no such element: Unable to locate element: {"method":"xpath","selector":"//i[@class='phenomena-icon extra-small A10']"}
  (Session info: chrome=79.0.3945.117)
For documentation on this error, please visit: https://www.seleniumhq.org/exceptions/no_such_element.html
Build info: version: '3.141.59', revision: 'e82be7d358', time: '2018-11-14T08:17:03'
System info: host: 'DRUSCHYTS', ip: '192.168.56.1', os.name: 'Windows 10', os.arch: 'amd64', os.version: '10.0', java.version: '12.0.1'
Driver info: org.openqa.selenium.chrome.ChromeDriver
Capabilities {acceptInsecureCerts: false, browserName: chrome, browserVersion: 79.0.3945.117, chrome: {chromedriverVersion: 78.0.3904.105 (60e2d8774a81..., userDataDir: C:\Users\SERVAN~1\AppData\L...}, goog:chromeOptions: {debuggerAddress: localhost:52624}, javascriptEnabled: true, networkConnectionEnabled: false, pageLoadStrategy: normal, platform: XP, platformName: XP, proxy: Proxy(), setWindowRect: true, strictFileInteractability: false, timeouts: {implicit: 0, pageLoad: 300000, script: 30000}, unhandledPromptBehavior: dismiss and notify}
Session ID: 56246c3df8261e5b20152fc891897b1c
*** Element info: {Using=xpath, value=//i[@class='phenomena-icon extra-small A10']}]]>
            </message>
            <full-stacktrace>
              <![CDATA[org.openqa.selenium.NoSuchElementException: no such element: Unable to locate element: {"method":"xpath","selector":"//i[@class='phenomena-icon extra-small A10']"}
  (Session info: chrome=79.0.3945.117)
For documentation on this error, please visit: https://www.seleniumhq.org/exceptions/no_such_element.html
Build info: version: '3.141.59', revision: 'e82be7d358', time: '2018-11-14T08:17:03'
System info: host: 'DRUSCHYTS', ip: '192.168.56.1', os.name: 'Windows 10', os.arch: 'amd64', os.version: '10.0', java.version: '12.0.1'
Driver info: org.openqa.selenium.chrome.ChromeDriver
Capabilities {acceptInsecureCerts: false, browserName: chrome, browserVersion: 79.0.3945.117, chrome: {chromedriverVersion: 78.0.3904.105 (60e2d8774a81..., userDataDir: C:\Users\SERVAN~1\AppData\L...}, goog:chromeOptions: {debuggerAddress: localhost:52624}, javascriptEnabled: true, networkConnectionEnabled: false, pageLoadStrategy: normal, platform: XP, platformName: XP, proxy: Proxy(), setWindowRect: true, strictFileInteractability: false, timeouts: {implicit: 0, pageLoad: 300000, script: 30000}, unhandledPromptBehavior: dismiss and notify}
Session ID: 56246c3df8261e5b20152fc891897b1c
*** Element info: {Using=xpath, value=//i[@class='phenomena-icon extra-small A10']}
at java.base/jdk.internal.reflect.NativeConstructorAccessorImpl.newInstance0(Native Method)
at java.base/jdk.internal.reflect.NativeConstructorAccessorImpl.newInstance(NativeConstructorAccessorImpl.java:62)
at java.base/jdk.internal.reflect.DelegatingConstructorAccessorImpl.newInstance(DelegatingConstructorAccessorImpl.java:45)
at java.base/java.lang.reflect.Constructor.newInstanceWithCaller(Constructor.java:500)
at java.base/java.lang.reflect.Constructor.newInstance(Constructor.java:481)
at org.openqa.selenium.remote.http.W3CHttpResponseCodec.createException(W3CHttpResponseCodec.java:187)
at org.openqa.selenium.remote.http.W3CHttpResponseCodec.decode(W3CHttpResponseCodec.java:122)
at org.openqa.selenium.remote.http.W3CHttpResponseCodec.decode(W3CHttpResponseCodec.java:49)
at org.openqa.selenium.remote.HttpCommandExecutor.execute(HttpCommandExecutor.java:158)
at org.openqa.selenium.remote.service.DriverCommandExecutor.execute(DriverCommandExecutor.java:83)
at org.openqa.selenium.remote.RemoteWebDriver.execute(RemoteWebDriver.java:552)
at org.openqa.selenium.remote.RemoteWebDriver.findElement(RemoteWebDriver.java:323)
at org.openqa.selenium.remote.RemoteWebDriver.findElementByXPath(RemoteWebDriver.java:428)
at org.openqa.selenium.By$ByXPath.findElement(By.java:353)
at org.openqa.selenium.remote.RemoteWebDriver.findElement(RemoteWebDriver.java:315)
at by.stormnet.web.pages.AbstractPage.getElement(AbstractPage.java:55)
at by.stormnet.web.pages.OnlinerWeatherPage.clickWeatherButton(OnlinerWeatherPage.java:18)
at by.stormnet.web.helpers.OnlinerWeatherHelper.clickWeather(OnlinerWeatherHelper.java:15)
at by.stormnet.web.OnlinerWeatherTest.checkWeatherTest(OnlinerWeatherTest.java:19)
at java.base/jdk.internal.reflect.NativeMethodAccessorImpl.invoke0(Native Method)
at java.base/jdk.internal.reflect.NativeMethodAccessorImpl.invoke(NativeMethodAccessorImpl.java:62)
at java.base/jdk.internal.reflect.DelegatingMethodAccessorImpl.invoke(DelegatingMethodAccessorImpl.java:43)
at java.base/java.lang.reflect.Method.invoke(Method.java:567)
at org.testng.internal.MethodInvocationHelper.invokeMethod(MethodInvocationHelper.java:133)
at org.testng.internal.TestInvoker.invokeMethod(TestInvoker.java:584)
at org.testng.internal.TestInvoker.invokeTestMethod(TestInvoker.java:172)
at org.testng.internal.MethodRunner.runInSequence(MethodRunner.java:46)
at org.testng.internal.TestInvoker$MethodInvocationAgent.invoke(TestInvoker.java:804)
at org.testng.internal.TestInvoker.invokeTestMethods(TestInvoker.java:145)
at org.testng.internal.TestMethodWorker.invokeTestMethods(TestMethodWorker.java:146)
at org.testng.internal.TestMethodWorker.run(TestMethodWorker.java:128)
at java.base/java.util.ArrayList.forEach(ArrayList.java:1540)
at org.testng.TestRunner.privateRun(TestRunner.java:770)
at org.testng.TestRunner.run(TestRunner.java:591)
at org.testng.SuiteRunner.runTest(SuiteRunner.java:402)
at org.testng.SuiteRunner.runSequentially(SuiteRunner.java:396)
at org.testng.SuiteRunner.privateRun(SuiteRunner.java:355)
at org.testng.SuiteRunner.run(SuiteRunner.java:304)
at org.testng.SuiteRunnerWorker.runSuite(SuiteRunnerWorker.java:53)
at org.testng.SuiteRunnerWorker.run(SuiteRunnerWorker.java:96)
at org.testng.TestNG.runSuitesSequentially(TestNG.java:1180)
at org.testng.TestNG.runSuitesLocally(TestNG.java:1102)
at org.testng.TestNG.runSuites(TestNG.java:1032)
at org.testng.TestNG.run(TestNG.java:1000)
at org.apache.maven.surefire.testng.TestNGExecutor.run(TestNGExecutor.java:283)
at org.apache.maven.surefire.testng.TestNGXmlTestSuite.execute(TestNGXmlTestSuite.java:75)
at org.apache.maven.surefire.testng.TestNGProvider.invoke(TestNGProvider.java:120)
at org.apache.maven.surefire.booter.ForkedBooter.runSuitesInProcess(ForkedBooter.java:377)
at org.apache.maven.surefire.booter.ForkedBooter.execute(ForkedBooter.java:138)
at org.apache.maven.surefire.booter.ForkedBooter.run(ForkedBooter.java:465)
at org.apache.maven.surefire.booter.ForkedBooter.main(ForkedBooter.java:451)
]]>
            </full-stacktrace>
          </exception> <!-- org.openqa.selenium.NoSuchElementException -->
          <reporter-output>
          </reporter-output>
        </test-method> <!-- checkWeatherTest -->
      </class> <!-- by.stormnet.web.OnlinerWeatherTest -->
    </test> <!-- login test -->
  </suite> <!-- Acceptance suite -->
</testng-results>
